<?xml version="1.0" encoding="UTF-8"?>
<testsuite name="com.ToDoApp.ToDoApp.ToDoAppApplicationTests" tests="1" skipped="0" failures="0" errors="0" timestamp="2022-12-17T19:24:30" hostname="jacob-90mv0014uk" time="0.331">
  <properties/>
  <testcase name="contextLoads()" classname="com.ToDoApp.ToDoApp.ToDoAppApplicationTests" time="0.331"/>
  <system-out><![CDATA[19:24:27.970 [Test worker] DEBUG org.springframework.test.context.BootstrapUtils - Instantiating CacheAwareContextLoaderDelegate from class [org.springframework.test.context.cache.DefaultCacheAwareContextLoaderDelegate]
19:24:27.983 [Test worker] DEBUG org.springframework.test.context.BootstrapUtils - Instantiating BootstrapContext using constructor [public org.springframework.test.context.support.DefaultBootstrapContext(java.lang.Class,org.springframework.test.context.CacheAwareContextLoaderDelegate)]
19:24:28.026 [Test worker] DEBUG org.springframework.test.context.BootstrapUtils - Instantiating TestContextBootstrapper for test class [com.ToDoApp.ToDoApp.ToDoAppApplicationTests] from class [org.springframework.boot.test.context.SpringBootTestContextBootstrapper]
19:24:28.040 [Test worker] INFO org.springframework.boot.test.context.SpringBootTestContextBootstrapper - Neither @ContextConfiguration nor @ContextHierarchy found for test class [com.ToDoApp.ToDoApp.ToDoAppApplicationTests], using SpringBootContextLoader
19:24:28.044 [Test worker] DEBUG org.springframework.test.context.support.AbstractContextLoader - Did not detect default resource location for test class [com.ToDoApp.ToDoApp.ToDoAppApplicationTests]: class path resource [com/ToDoApp/ToDoApp/ToDoAppApplicationTests-context.xml] does not exist
19:24:28.045 [Test worker] DEBUG org.springframework.test.context.support.AbstractContextLoader - Did not detect default resource location for test class [com.ToDoApp.ToDoApp.ToDoAppApplicationTests]: class path resource [com/ToDoApp/ToDoApp/ToDoAppApplicationTestsContext.groovy] does not exist
19:24:28.046 [Test worker] INFO org.springframework.test.context.support.AbstractContextLoader - Could not detect default resource locations for test class [com.ToDoApp.ToDoApp.ToDoAppApplicationTests]: no resource found for suffixes {-context.xml, Context.groovy}.
19:24:28.048 [Test worker] INFO org.springframework.test.context.support.AnnotationConfigContextLoaderUtils - Could not detect default configuration classes for test class [com.ToDoApp.ToDoApp.ToDoAppApplicationTests]: ToDoAppApplicationTests does not declare any static, non-private, non-final, nested classes annotated with @Configuration.
19:24:28.104 [Test worker] DEBUG org.springframework.test.context.support.ActiveProfilesUtils - Could not find an 'annotation declaring class' for annotation type [org.springframework.test.context.ActiveProfiles] and class [com.ToDoApp.ToDoApp.ToDoAppApplicationTests]
19:24:28.163 [Test worker] DEBUG org.springframework.context.annotation.ClassPathScanningCandidateComponentProvider - Identified candidate component class: file [/home/jacob/Development/Java/Java-Task-Planner/build/classes/java/main/com/ToDoApp/ToDoApp/ToDoAppApplication.class]
19:24:28.174 [Test worker] INFO org.springframework.boot.test.context.SpringBootTestContextBootstrapper - Found @SpringBootConfiguration com.ToDoApp.ToDoApp.ToDoAppApplication for test class com.ToDoApp.ToDoApp.ToDoAppApplicationTests
19:24:28.269 [Test worker] DEBUG org.springframework.boot.test.context.SpringBootTestContextBootstrapper - @TestExecutionListeners is not present for class [com.ToDoApp.ToDoApp.ToDoAppApplicationTests]: using defaults.
19:24:28.270 [Test worker] INFO org.springframework.boot.test.context.SpringBootTestContextBootstrapper - Loaded default TestExecutionListener class names from location [META-INF/spring.factories]: [org.springframework.boot.test.autoconfigure.restdocs.RestDocsTestExecutionListener, org.springframework.boot.test.autoconfigure.web.client.MockRestServiceServerResetTestExecutionListener, org.springframework.boot.test.autoconfigure.web.servlet.MockMvcPrintOnlyOnFailureTestExecutionListener, org.springframework.boot.test.autoconfigure.web.servlet.WebDriverTestExecutionListener, org.springframework.boot.test.autoconfigure.webservices.client.MockWebServiceServerTestExecutionListener, org.springframework.boot.test.mock.mockito.MockitoTestExecutionListener, org.springframework.boot.test.mock.mockito.ResetMocksTestExecutionListener, org.springframework.test.context.web.ServletTestExecutionListener, org.springframework.test.context.support.DirtiesContextBeforeModesTestExecutionListener, org.springframework.test.context.event.ApplicationEventsTestExecutionListener, org.springframework.test.context.support.DependencyInjectionTestExecutionListener, org.springframework.test.context.support.DirtiesContextTestExecutionListener, org.springframework.test.context.transaction.TransactionalTestExecutionListener, org.springframework.test.context.jdbc.SqlScriptsTestExecutionListener, org.springframework.test.context.event.EventPublishingTestExecutionListener]
19:24:28.282 [Test worker] DEBUG org.springframework.boot.test.context.SpringBootTestContextBootstrapper - Skipping candidate TestExecutionListener [org.springframework.test.context.transaction.TransactionalTestExecutionListener] due to a missing dependency. Specify custom listener classes or make the default listener classes and their required dependencies available. Offending class: [org/springframework/transaction/TransactionDefinition]
19:24:28.283 [Test worker] DEBUG org.springframework.boot.test.context.SpringBootTestContextBootstrapper - Skipping candidate TestExecutionListener [org.springframework.test.context.jdbc.SqlScriptsTestExecutionListener] due to a missing dependency. Specify custom listener classes or make the default listener classes and their required dependencies available. Offending class: [org/springframework/transaction/interceptor/TransactionAttribute]
19:24:28.284 [Test worker] INFO org.springframework.boot.test.context.SpringBootTestContextBootstrapper - Using TestExecutionListeners: [org.springframework.test.context.web.ServletTestExecutionListener@7072bc39, org.springframework.test.context.support.DirtiesContextBeforeModesTestExecutionListener@158d255c, org.springframework.test.context.event.ApplicationEventsTestExecutionListener@2ca65ce4, org.springframework.boot.test.mock.mockito.MockitoTestExecutionListener@327120c8, org.springframework.boot.test.autoconfigure.SpringBootDependencyInjectionTestExecutionListener@5707c1cb, org.springframework.test.context.support.DirtiesContextTestExecutionListener@2b5cb9b2, org.springframework.test.context.event.EventPublishingTestExecutionListener@35038141, org.springframework.boot.test.autoconfigure.restdocs.RestDocsTestExecutionListener@ecf9049, org.springframework.boot.test.autoconfigure.web.client.MockRestServiceServerResetTestExecutionListener@672f11c2, org.springframework.boot.test.autoconfigure.web.servlet.MockMvcPrintOnlyOnFailureTestExecutionListener@2970a5bc, org.springframework.boot.test.autoconfigure.web.servlet.WebDriverTestExecutionListener@50305a, org.springframework.boot.test.autoconfigure.webservices.client.MockWebServiceServerTestExecutionListener@72efb5c1, org.springframework.boot.test.mock.mockito.ResetMocksTestExecutionListener@6d511b5f]
19:24:28.290 [Test worker] DEBUG org.springframework.test.context.support.AbstractDirtiesContextTestExecutionListener - Before test class: context [DefaultTestContext@5d8445d7 testClass = ToDoAppApplicationTests, testInstance = [null], testMethod = [null], testException = [null], mergedContextConfiguration = [WebMergedContextConfiguration@37d80fe7 testClass = ToDoAppApplicationTests, locations = '{}', classes = '{class com.ToDoApp.ToDoApp.ToDoAppApplication}', contextInitializerClasses = '[]', activeProfiles = '{}', propertySourceLocations = '{}', propertySourceProperties = '{org.springframework.boot.test.context.SpringBootTestContextBootstrapper=true}', contextCustomizers = set[org.springframework.boot.test.autoconfigure.actuate.metrics.MetricsExportContextCustomizerFactory$DisableMetricExportContextCustomizer@48a12036, org.springframework.boot.test.autoconfigure.properties.PropertyMappingContextCustomizer@0, org.springframework.boot.test.autoconfigure.web.servlet.WebDriverContextCustomizerFactory$Customizer@3c989952, org.springframework.boot.test.context.filter.ExcludeFilterContextCustomizer@793138bd, org.springframework.boot.test.json.DuplicateJsonObjectContextCustomizerFactory$DuplicateJsonObjectContextCustomizer@57ac5227, org.springframework.boot.test.mock.mockito.MockitoContextCustomizer@0, org.springframework.boot.test.web.client.TestRestTemplateContextCustomizer@11981797, org.springframework.boot.test.context.SpringBootTestArgs@1, org.springframework.boot.test.context.SpringBootTestWebEnvironment@6e2aa843], resourceBasePath = 'src/main/webapp', contextLoader = 'org.springframework.boot.test.context.SpringBootContextLoader', parent = [null]], attributes = map['org.springframework.test.context.web.ServletTestExecutionListener.activateListener' -> true]], class annotated with @DirtiesContext [false] with mode [null].

  .   ____          _            __ _ _
 /\\ / ___'_ __ _ _(_)_ __  __ _ \ \ \ \
( ( )\___ | '_ | '_| | '_ \/ _` | \ \ \ \
 \\/  ___)| |_)| | | | | || (_| |  ) ) ) )
  '  |____| .__|_| |_|_| |_\__, | / / / /
 =========|_|==============|___/=/_/_/_/
 :: Spring Boot ::                (v2.7.6)

2022-12-17 19:24:28.720  INFO 545 --- [    Test worker] c.T.ToDoApp.ToDoAppApplicationTests      : Starting ToDoAppApplicationTests using Java 11.0.12 on jacob-90mv0014uk with PID 545 (started by jacob in /home/jacob/Development/Java/Java-Task-Planner)
2022-12-17 19:24:28.723  INFO 545 --- [    Test worker] c.T.ToDoApp.ToDoAppApplicationTests      : No active profile set, falling back to 1 default profile: "default"
2022-12-17 19:24:30.067  INFO 545 --- [    Test worker] o.s.b.a.w.s.WelcomePageHandlerMapping    : Adding welcome page template: index
2022-12-17 19:24:30.376  INFO 545 --- [    Test worker] c.T.ToDoApp.ToDoAppApplicationTests      : Started ToDoAppApplicationTests in 2.019 seconds (JVM running for 3.294)
]]></system-out>
  <system-err><![CDATA[]]></system-err>
</testsuite>
